2021-10-09 20:37:57,905 ERROR:A request to the Telegram API was unsuccessful. Error code: 409. Description: Conflict: terminated by other getUpdates request; make sure that only one bot instance is running
2021-10-09 20:38:01,797 ERROR:A request to the Telegram API was unsuccessful. Error code: 409. Description: Conflict: terminated by other getUpdates request; make sure that only one bot instance is running
2021-10-09 20:38:06,402 ERROR:A request to the Telegram API was unsuccessful. Error code: 409. Description: Conflict: terminated by other getUpdates request; make sure that only one bot instance is running
2021-10-10 16:24:31,821 ERROR:A request to the Telegram API was unsuccessful. Error code: 400. Description: Bad Request: message is not modified: specified new message content and reply markup are exactly the same as a current content and reply markup of the message
2021-10-10 16:24:38,678 ERROR:A request to the Telegram API was unsuccessful. Error code: 400. Description: Bad Request: message is not modified: specified new message content and reply markup are exactly the same as a current content and reply markup of the message
2021-10-10 16:24:47,069 ERROR:A request to the Telegram API was unsuccessful. Error code: 400. Description: Bad Request: message is not modified: specified new message content and reply markup are exactly the same as a current content and reply markup of the message
2021-10-10 16:24:55,570 ERROR:A request to the Telegram API was unsuccessful. Error code: 400. Description: Bad Request: message is not modified: specified new message content and reply markup are exactly the same as a current content and reply markup of the message
2021-10-10 16:24:56,196 ERROR:A request to the Telegram API was unsuccessful. Error code: 400. Description: Bad Request: message is not modified: specified new message content and reply markup are exactly the same as a current content and reply markup of the message
2021-10-10 16:24:56,914 ERROR:A request to the Telegram API was unsuccessful. Error code: 400. Description: Bad Request: message is not modified: specified new message content and reply markup are exactly the same as a current content and reply markup of the message
2021-10-10 16:25:00,498 ERROR:A request to the Telegram API was unsuccessful. Error code: 400. Description: Bad Request: message is not modified: specified new message content and reply markup are exactly the same as a current content and reply markup of the message
2021-10-10 16:28:12,861 ERROR:A request to the Telegram API was unsuccessful. Error code: 400. Description: Bad Request: message is not modified: specified new message content and reply markup are exactly the same as a current content and reply markup of the message
2021-10-10 16:28:13,866 ERROR:A request to the Telegram API was unsuccessful. Error code: 400. Description: Bad Request: message is not modified: specified new message content and reply markup are exactly the same as a current content and reply markup of the message
2021-10-10 16:28:20,658 ERROR:A request to the Telegram API was unsuccessful. Error code: 400. Description: Bad Request: canceled by new editMessageMedia request
2021-10-10 16:28:24,991 ERROR:A request to the Telegram API was unsuccessful. Error code: 400. Description: Bad Request: message is not modified: specified new message content and reply markup are exactly the same as a current content and reply markup of the message
2021-10-10 17:27:25,079 ERROR:A request to the Telegram API was unsuccessful. Error code: 400. Description: Bad Request: message to edit not found
2021-10-10 17:34:26,495 ERROR:A request to the Telegram API was unsuccessful. Error code: 400. Description: Bad Request: message is not modified: specified new message content and reply markup are exactly the same as a current content and reply markup of the message
2021-10-10 17:51:45,774 ERROR:A request to the Telegram API was unsuccessful. Error code: 400. Description: Bad Request: message to edit not found
2021-10-14 19:24:45,437 ERROR:A request to the Telegram API was unsuccessful. Error code: 400. Description: Bad Request: message to edit not found
<<<<<<< HEAD
2021-10-16 04:17:34,095 ERROR:A request to the Telegram API was unsuccessful. Error code: 409. Description: Conflict: terminated by other getUpdates request; make sure that only one bot instance is running
2021-10-16 04:17:37,946 ERROR:A request to the Telegram API was unsuccessful. Error code: 409. Description: Conflict: terminated by other getUpdates request; make sure that only one bot instance is running
2021-10-16 04:17:42,551 ERROR:A request to the Telegram API was unsuccessful. Error code: 409. Description: Conflict: terminated by other getUpdates request; make sure that only one bot instance is running
2021-10-16 04:17:48,650 ERROR:A request to the Telegram API was unsuccessful. Error code: 409. Description: Conflict: terminated by other getUpdates request; make sure that only one bot instance is running
2021-10-16 04:17:54,749 ERROR:A request to the Telegram API was unsuccessful. Error code: 409. Description: Conflict: terminated by other getUpdates request; make sure that only one bot instance is running
2021-10-16 04:18:06,842 ERROR:A request to the Telegram API was unsuccessful. Error code: 409. Description: Conflict: terminated by other getUpdates request; make sure that only one bot instance is running
2021-10-16 04:18:30,978 ERROR:A request to the Telegram API was unsuccessful. Error code: 409. Description: Conflict: terminated by other getUpdates request; make sure that only one bot instance is running
2021-10-16 04:19:15,766 ERROR:A request to the Telegram API was unsuccessful. Error code: 409. Description: Conflict: terminated by other getUpdates request; make sure that only one bot instance is running
2021-10-16 04:20:23,118 ERROR:A request to the Telegram API was unsuccessful. Error code: 409. Description: Conflict: terminated by other getUpdates request; make sure that only one bot instance is running
2021-10-16 04:22:34,473 ERROR:A request to the Telegram API was unsuccessful. Error code: 409. Description: Conflict: terminated by other getUpdates request; make sure that only one bot instance is running
2021-10-16 16:10:57,538 ERROR:A request to the Telegram API was unsuccessful. Error code: 409. Description: Conflict: terminated by other getUpdates request; make sure that only one bot instance is running
2021-10-16 16:11:00,807 ERROR:A request to the Telegram API was unsuccessful. Error code: 409. Description: Conflict: terminated by other getUpdates request; make sure that only one bot instance is running
2021-10-16 16:11:01,073 ERROR:A request to the Telegram API was unsuccessful. Error code: 409. Description: Conflict: terminated by other getUpdates request; make sure that only one bot instance is running
2021-10-16 16:11:04,583 ERROR:A request to the Telegram API was unsuccessful. Error code: 409. Description: Conflict: terminated by other getUpdates request; make sure that only one bot instance is running
2021-10-16 16:11:05,096 ERROR:A request to the Telegram API was unsuccessful. Error code: 409. Description: Conflict: terminated by other getUpdates request; make sure that only one bot instance is running
=======
2021-10-16 04:17:29,554 ERROR:A request to the Telegram API was unsuccessful. Error code: 409. Description: Conflict: terminated by other getUpdates request; make sure that only one bot instance is running
2021-10-16 04:17:33,157 ERROR:A request to the Telegram API was unsuccessful. Error code: 409. Description: Conflict: terminated by other getUpdates request; make sure that only one bot instance is running
2021-10-16 04:17:37,263 ERROR:A request to the Telegram API was unsuccessful. Error code: 409. Description: Conflict: terminated by other getUpdates request; make sure that only one bot instance is running
2021-10-16 04:17:42,364 ERROR:A request to the Telegram API was unsuccessful. Error code: 409. Description: Conflict: terminated by other getUpdates request; make sure that only one bot instance is running
2021-10-16 04:17:49,467 ERROR:A request to the Telegram API was unsuccessful. Error code: 409. Description: Conflict: terminated by other getUpdates request; make sure that only one bot instance is running
2021-10-16 04:17:57,565 ERROR:A request to the Telegram API was unsuccessful. Error code: 409. Description: Conflict: terminated by other getUpdates request; make sure that only one bot instance is running
2021-10-16 04:18:13,688 ERROR:A request to the Telegram API was unsuccessful. Error code: 409. Description: Conflict: terminated by other getUpdates request; make sure that only one bot instance is running
2021-10-16 04:18:42,483 ERROR:A request to the Telegram API was unsuccessful. Error code: 409. Description: Conflict: terminated by other getUpdates request; make sure that only one bot instance is running
2021-10-16 04:19:17,830 ERROR:A request to the Telegram API was unsuccessful. Error code: 409. Description: Conflict: terminated by other getUpdates request; make sure that only one bot instance is running
2021-10-16 04:20:25,180 ERROR:A request to the Telegram API was unsuccessful. Error code: 409. Description: Conflict: terminated by other getUpdates request; make sure that only one bot instance is running
2021-10-16 04:22:36,812 ERROR:A request to the Telegram API was unsuccessful. Error code: 409. Description: Conflict: terminated by other getUpdates request; make sure that only one bot instance is running
>>>>>>> ea440b107fb48cbabf879d1b7dfb5b3ed112f913
